2013-01-24 00:00:00[INFO] - water : Water, bottled, PERRIER
 2013-01-24 00:00:00[INFO] - 8 ml : 8
 2013-01-24 00:00:02[INFO] - vegetable oil : Vegetable oil, palm kernel
 2013-01-24 00:00:02[INFO] - 25 ml : 25
 2013-01-24 00:00:02[INFO] - ----------------------
 2013-01-24 00:00:06[INFO] - http://allrecipes.com/recipe/devil-curry/detail.aspx?scale=1&ismetric=1
 2013-01-24 00:00:08[INFO] - vegetable oil : Vegetable oil, palm kernel
 2013-01-24 00:00:08[INFO] - 8 ml : 8
 2013-01-24 00:00:10[INFO] - water, or as needed : Water, bottled, non-carbonated, DASANI
 2013-01-24 00:00:10[INFO] - 5 ml : 5
 2013-01-24 00:00:12[INFO] - red onions, chopped : Onions, raw
 2013-01-24 00:00:12[INFO] - 1 : 1/
 2013-01-24 00:00:15[INFO] - chile peppers, sun-dried : Peppers, hot chile, sun-dried
 2013-01-24 00:00:15[INFO] - 4-1/4 : 4-1/4
 2013-01-24 00:00:15[INFO] - candlenuts : 
 2013-01-24 00:00:15[INFO] - 1-1/4 : 1-1/4
 2013-01-24 00:00:17[INFO] - shrimp paste : Soup, cream of shrimp, canned, condensed
 2013-01-24 00:00:17[INFO] - 1/8 : 1/8
 2013-01-24 00:00:19[INFO] - ground turmeric : Spices, turmeric, ground
 2013-01-24 00:00:19[INFO] - 0.4 g : 0.4
 2013-01-24 00:00:21[INFO] - ground ginger : Spices, ginger, ground
 2013-01-24 00:00:21[INFO] - 0.3 g : 0.3
 2013-01-24 00:00:23[INFO] - ground allspice : Spices, allspice, ground
 2013-01-24 00:00:23[INFO] - 0.3 g : 0.3
 2013-01-24 00:00:24[INFO] - lemon grass : Lemon grass (citronella), raw
 2013-01-24 00:00:24[INFO] - 1/2 : 1/2
 2013-01-24 00:00:25[INFO] - mustard seed : Mustard, prepared, yellow
 2013-01-24 00:00:25[INFO] - 2 g : 2
 2013-01-24 00:00:26[INFO] - water : Water, bottled, PERRIER
 2013-01-24 00:00:26[INFO] - 80 ml : 80
 2013-01-24 00:00:51[INFO] - skinless, boneless chicken breast meat - cut into bite-size pieces : Chicken, broilers or fryers, breast, skinless, boneless, meat only, enhanced, raw
 2013-01-24 00:00:51[INFO] - 170 g : 170
 2013-01-24 00:00:52[INFO] - potatoes : Potatoes, russet, flesh and skin, raw
 2013-01-24 00:00:52[INFO] - 170 g : 170
 2013-01-24 00:00:54[INFO] - salt to taste : Salt, table
 2013-01-24 00:00:54[INFO] -  : 0.1
 2013-01-24 00:00:56[INFO] - distilled white vinegar : Vinegar, cider
 2013-01-24 00:00:56[INFO] - 3 ml : 3
 2013-01-24 00:00:56[INFO] - ----------------------
 2013-01-24 00:01:04[INFO] - http://allrecipes.com/recipe/durian-puree-cheesecake/detail.aspx?scale=1&ismetric=1
 2013-01-24 00:01:07[INFO] - cream cheese, room temperature : Cheese, cream, fat free
 2013-01-24 00:01:07[INFO] - 45 g : 45
 2013-01-24 00:01:09[INFO] - sweetened condensed milk : Milk, filled, fluid, with blend of hydrogenated vegetable oils
 2013-01-24 00:01:09[INFO] - 25 ml : 25
 2013-01-24 00:01:11[INFO] - pureed fresh durian : Durian, raw or frozen
 2013-01-24 00:01:11[INFO] - 7 ml : 7
 2013-01-24 00:01:12[INFO] - eggs : Eggs, scrambled, frozen mixture
 2013-01-24 00:01:12[INFO] - 1/4 : 1/4
 2013-01-24 00:01:14[INFO] - sour cream : Cream, sour, reduced fat, cultured
 2013-01-24 00:01:14[INFO] - 15 g : 15
 2013-01-24 00:01:15[INFO] - vanilla extract : Vanilla extract
 2013-01-24 00:01:15[INFO] - 0.6 ml : 0.6
 2013-01-24 00:01:20[INFO] - durian or banana extract : Durian, raw or frozen
 2013-01-24 00:01:20[INFO] - 2 ml : 2
 2013-01-24 00:01:23[INFO] - prepared graham cracker crust : Pie crust, cookie-type, prepared from recipe, graham cracker, baked
 2013-01-24 00:01:23[INFO] - 1/8 (9 inch) : 1/8
 2013-01-24 00:01:23[INFO] - ----------------------
 2013-01-24 00:01:28[INFO] - http://allrecipes.com/recipe/fried-rice-with-marmite/detail.aspx?scale=1&ismetric=1
 2013-01-24 00:01:30[INFO] - uncooked white rice : Rice, white, long-grain, regular, raw, enriched
 2013-01-24 00:01:30[INFO] - 90 g : 90
 2013-01-24 00:01:31[INFO] - water : Water, bottled, PERRIER
 2013-01-24 00:01:31[INFO] - 235 ml : 235
 2013-01-24 00:01:32[INFO] - ground chicken : Chicken, ground, raw
 2013-01-24 00:01:32[INFO] - 115 g : 115
 2013-01-24 00:01:41[INFO] - light-colored soy sauce : Ravioli, cheese with tomato sauce, frozen, not prepared, includes regular and light entrees
 2013-01-24 00:01:41[INFO] - 4 ml : 4
 2013-01-24 00:01:45[INFO] - ground white pepper : Spices, pepper, white
 2013-01-24 00:01:45[INFO] -  : 0.1
 2013-01-24 00:01:46[INFO] - vegetable oil : Vegetable oil, palm kernel
 2013-01-24 00:01:46[INFO] - 8 ml : 8
 2013-01-24 00:01:48[INFO] - garlic, minced : Garlic, raw
 2013-01-24 00:01:48[INFO] - 1/2 clove : 1/2
 2013-01-24 00:01:50[INFO] - bok choy stalks, chopped : Broccoli, stalks, raw
 2013-01-24 00:01:50[INFO] - 1 : 1/
 2013-01-24 00:01:51[INFO] - eggs, lightly beaten : Eggs, scrambled, frozen mixture
 2013-01-24 00:01:51[INFO] - 1 : 1/
 2013-01-24 00:01:55[INFO] - light soy sauce : Ravioli, cheese with tomato sauce, frozen, not prepared, includes regular and light entrees
 2013-01-24 00:01:55[INFO] - 15 ml : 15
 2013-01-24 00:02:01[INFO] - yeast extract spread (such as Marmite&#174;) : Pate de foie gras, canned (goose liver pate), smoked
 2013-01-24 00:02:01[INFO] - 8 g : 8
 2013-01-24 00:02:04[INFO] - white pepper to taste : Spices, pepper, white
 2013-01-24 00:02:04[INFO] -  : 0.1
 2013-01-24 00:02:04[INFO] - ----------------------
 2013-01-24 00:02:11[INFO] - http://allrecipes.com/recipe/indonesian-soy-sauce-kecap-manis-sedang/detail.aspx?scale=1&ismetric=1
 2013-01-24 00:02:13[INFO] - soy sauce : Cheese sauce, prepared from recipe
 2013-01-24 00:02:13[INFO] - 15 ml : 15
 2013-01-24 00:02:14[INFO] - water : Water, bottled, PERRIER
 2013-01-24 00:02:14[INFO] - 20 ml : 20
 2013-01-24 00:02:16[INFO] - brown sugar : Carbonated beverage, reduced sugar, cola, contains caffeine and sweeteners
 2013-01-24 00:02:16[INFO] - 10 g : 10
 2013-01-24 00:02:18[INFO] - bay leaves : Spices, bay leaf
 2013-01-24 00:02:18[INFO] - 5/8 : 5/8
 2013-01-24 00:02:18[INFO] - ----------------------
 2013-01-24 00:02:22[INFO] - http://allrecipes.com/recipe/malaysian-barbecue-chicken-wings/detail.aspx?scale=1&ismetric=1
 2013-01-24 00:02:24[INFO] - chicken wings : Chicken, broilers or fryers, meat and skin and giblets and neck, raw
 2013-01-24 00:02:24[INFO] - 6 : 6/
 2013-01-24 00:02:26[INFO] - soy sauce : Cheese sauce, prepared from recipe
 2013-01-24 00:02:26[INFO] - 30 ml : 30
 2013-01-24 00:02:30[INFO] - dark soy sauce : Cheese sauce, prepared from recipe
 2013-01-24 00:02:30[INFO] - 15 ml : 15
 2013-01-24 00:02:31[INFO] - sesame oil : Oil, sesame, salad or cooking
 2013-01-24 00:02:31[INFO] - 8 ml : 8
 2013-01-24 00:02:33[INFO] - oyster sauce : Sauce, oyster, ready-to-serve
 2013-01-24 00:02:33[INFO] - 4 g : 4
 2013-01-24 00:02:35[INFO] - garlic powder : Garlic, raw
 2013-01-24 00:02:35[INFO] - 2 g : 2
 2013-01-24 00:02:36[INFO] - onion powder : Spices, onion powder
 2013-01-24 00:02:36[INFO] - 0.5 g : 0.5
 2013-01-24 00:02:40[INFO] - ground black pepper to taste : Spices, pepper, black
 2013-01-24 00:02:40[INFO] -  : 0.1
 2013-01-24 00:02:42[INFO] - dried basil : Basil, fresh
 2013-01-24 00:02:42[INFO] - 2 g : 2
 2013-01-24 00:02:42[INFO] - ----------------------
 2013-01-24 00:02:47[INFO] - http://allrecipes.com/recipe/malaysian-beef-rendang/detail.aspx?scale=1&ismetric=1
 2013-01-24 00:02:48[INFO] - shallots : Shallots, freeze-dried
 2013-01-24 00:02:48[INFO] - 30 g : 30
 2013-01-24 00:02:48[INFO] - garlic : Garlic, raw
 2013-01-24 00:02:48[INFO] - 1/2 clove : 1/2
 2013-01-24 00:02:51[INFO] - dried red chile peppers : Peppers, hot chile, sun-dried
 2013-01-24 00:02:51[INFO] - 2-1/2 : 2-1/2
 2013-01-24 00:02:55[INFO] - fresh ginger root : Ginger root, raw
 2013-01-24 00:02:55[INFO] - 7/8 slice : 7/8
 2013-01-24 00:02:56[INFO] - lemon grass, chopped : Lemon grass (citronella), raw
 2013-01-24 00:02:56[INFO] - 7/8 : 7/8
 2013-01-24 00:02:59[INFO] - coriander seeds : Alfalfa seeds, sprouted, raw
 2013-01-24 00:02:59[INFO] - 0.6 g : 0.6
 2013-01-24 00:03:01[INFO] - fennel seeds : Fennel, bulb, raw
 2013-01-24 00:03:01[INFO] - 0.7 g : 0.7
 2013-01-24 00:03:03[INFO] - cumin seeds : Alfalfa seeds, sprouted, raw
 2013-01-24 00:03:03[INFO] - 0.7 g : 0.7
 2013-01-24 00:03:04[INFO] - grated nutmeg : Oil, nutmeg butter
 2013-01-24 00:03:04[INFO] - 0.2 g : 0.2
 2013-01-24 00:03:06[INFO] - vegetable oil : Vegetable oil, palm kernel
 2013-01-24 00:03:06[INFO] - 3 ml : 3
 2013-01-24 00:03:23[INFO] - beef stew meat, cut into 1 inch cubes : Beef, chuck for stew, separable lean and fat, all grades, cooked, braised
 2013-01-24 00:03:23[INFO] - 95 g : 95
 2013-01-24 00:03:25[INFO] - white sugar : Carbonated beverage, reduced sugar, cola, contains caffeine and sweeteners
 2013-01-24 00:03:25[INFO] - 3 g : 3
 2013-01-24 00:03:26[INFO] - shredded coconut : Oil, coconut
 2013-01-24 00:03:26[INFO] - 30 g : 30
 2013-01-24 00:03:29[INFO] - whole cloves : Spices, cloves, ground
 2013-01-24 00:03:29[INFO] - 7/8 : 7/8
 2013-01-24 00:03:31[INFO] - cinnamon stick : Spices, cinnamon, ground
 2013-01-24 00:03:31[INFO] - 1/8 : 1/8
 2013-01-24 00:03:32[INFO] - coconut milk : Nuts, coconut milk, raw (liquid expressed from grated meat and water)
 2013-01-24 00:03:32[INFO] - 65 ml : 65
 2013-01-24 00:03:33[INFO] - water : Water, bottled, PERRIER
 2013-01-24 00:03:33[INFO] - 35 ml : 35
 2013-01-24 00:03:35[INFO] - salt to taste : Salt, table
 2013-01-24 00:03:35[INFO] -  : 0.1
 2013-01-24 00:03:35[INFO] - ----------------------
 2013-01-24 00:03:48[INFO] - http://allrecipes.com/recipe/malaysian-mango-chicken-curry/detail.aspx?scale=1&ismetric=1
 2013-01-24 00:03:50[INFO] - vegetable oil : Vegetable oil, palm kernel
 2013-01-24 00:03:50[INFO] - 8 ml : 8
 2013-01-24 00:03:54[INFO] - skinless, boneless chicken breast, cubed : Chicken, broilers or fryers, breast, skinless, boneless, meat only, enhanced, raw
 2013-01-24 00:03:54[INFO] - 115 g : 115
 2013-01-24 00:03:55[INFO] - chicken stock : Soup, stock, chicken, home-prepared
 2013-01-24 00:03:55[INFO] - 60 ml : 60
 2013-01-24 00:03:57[INFO] - soy sauce : Cheese sauce, prepared from recipe
 2013-01-24 00:03:57[INFO] - 8 ml : 8
 2013-01-24 00:03:59[INFO] - cider vinegar : Vinegar, cider
 2013-01-24 00:03:59[INFO] - 8 ml : 8
 2013-01-24 00:04:01[INFO] - brown sugar : Carbonated beverage, reduced sugar, cola, contains caffeine and sweeteners
 2013-01-24 00:04:01[INFO] - 10 g : 10
 2013-01-24 00:04:02[INFO] - curry powder : Spices, curry powder
 2013-01-24 00:04:02[INFO] - 1 g : 1
 2013-01-24 00:04:03[INFO] - cornstarch : Cornstarch
 2013-01-24 00:04:03[INFO] - 4 g : 4
 2013-01-24 00:04:04[INFO] - onion, diced : Onions, raw
 2013-01-24 00:04:04[INFO] - 1/4 : 1/4
 2013-01-24 00:04:08[INFO] - green bell pepper, sliced : Spices, pepper, black
 2013-01-24 00:04:08[INFO] - 1/2 : 1/2
 2013-01-24 00:04:11[INFO] - red bell pepper, sliced : Spices, pepper, black
 2013-01-24 00:04:11[INFO] - 1/2 : 1/2
 2013-01-24 00:04:15[INFO] - minced fresh ginger root : Ginger root, raw
 2013-01-24 00:04:15[INFO] - 2 g : 2
 2013-01-24 00:04:19[INFO] - mango, peeled and cubed : Mangos, raw
 2013-01-24 00:04:19[INFO] - 1/2 : 1/2
 2013-01-24 00:04:19[INFO] - ----------------------
 2013-01-24 00:04:25[INFO] - http://allrecipes.com/recipe/malaysian-nasi-lemak/detail.aspx?scale=1&ismetric=1
 2013-01-24 00:04:27[INFO] - coconut milk : Nuts, coconut milk, raw (liquid expressed from grated meat and water)
 2013-01-24 00:04:27[INFO] - 60 ml : 60
 2013-01-24 00:04:27[INFO] - water : Water, bottled, PERRIER
 2013-01-24 00:04:27[INFO] - 60 ml : 60
 2013-01-24 00:04:29[INFO] - ground ginger : Spices, ginger, ground
 2013-01-24 00:04:29[INFO] - 0.1 g : 0.1
 2013-01-24 00:04:34[INFO] - fresh ginger, peeled and thinly sliced : Beef, sandwich steaks, flaked, chopped, formed and thinly sliced, raw
 2013-01-24 00:04:34[INFO] - 1/8 (1/2 inch) piece : 1/8
 2013-01-24 00:04:36[INFO] - salt to taste : Salt, table
 2013-01-24 00:04:36[INFO] -  : 0.1
 2013-01-24 00:04:39[INFO] - whole bay leaf : Spices, bay leaf
 2013-01-24 00:04:39[INFO] - 1/8 : 1/8
 2013-01-24 00:04:43[INFO] - long grain rice, rinsed and drained : Rice, brown, long-grain, raw
 2013-01-24 00:04:43[INFO] - 45 g : 45
 2013-01-24 00:04:44[INFO] - eggs : Eggs, scrambled, frozen mixture
 2013-01-24 00:04:44[INFO] - 1/2 : 1/2
 2013-01-24 00:04:45[INFO] - cucumber : Cucumber, with peel, raw
 2013-01-24 00:04:45[INFO] - 1/8 : 1/8
 2013-01-24 00:04:46[INFO] - oil for frying : Oil, industrial, canola for salads, woks and light frying
 2013-01-24 00:04:46[INFO] - 30 ml : 30
 2013-01-24 00:04:48[INFO] - raw peanuts : Peanuts, all types, raw
 2013-01-24 00:04:48[INFO] - 20 g : 20
 2013-01-24 00:04:50[INFO] - white anchovies, washed : Egg, white, raw, fresh
 2013-01-24 00:04:50[INFO] - 15 g : 15
 2013-01-24 00:04:51[INFO] - vegetable oil : Vegetable oil, palm kernel
 2013-01-24 00:04:51[INFO] - 4 ml : 4
 2013-01-24 00:04:52[INFO] - onion, sliced : Onions, raw
 2013-01-24 00:04:52[INFO] - 15 g : 15
 2013-01-24 00:04:54[INFO] - garlic, thinly sliced : Garlic, raw
 2013-01-24 00:04:54[INFO] - 3/8 clove : 3/8
 2013-01-24 00:04:57[INFO] - shallots, thinly sliced : Shallots, freeze-dried
 2013-01-24 00:04:57[INFO] - 3/8 : 3/8
 2013-01-24 00:04:59[INFO] - chile paste : Peppers, hot chile, sun-dried
 2013-01-24 00:04:59[INFO] - 1 g : 1
 2013-01-24 00:05:01[INFO] - white anchovies, washed : Egg, white, raw, fresh
 2013-01-24 00:05:01[INFO] - 15 g : 15
 2013-01-24 00:05:03[INFO] - salt to taste : Salt, table
 2013-01-24 00:05:03[INFO] -  : 0.1
 2013-01-24 00:05:05[INFO] - white sugar : Carbonated beverage, reduced sugar, cola, contains caffeine and sweeteners
 2013-01-24 00:05:05[INFO] - 5 g : 5
 2013-01-24 00:05:07[INFO] - tamarind juice : Acerola juice, raw
 2013-01-24 00:05:07[INFO] - 7 ml : 7
 2013-01-24 00:05:07[INFO] - ----------------------
 2013-01-24 00:05:17[INFO] - http://allrecipes.com/recipe/malaysian-quinoa-vegetarian/detail.aspx?scale=1&ismetric=1
 2013-01-24 00:05:18[INFO] - water, divided : Water, bottled, PERRIER
 2013-01-24 00:05:18[INFO] - 180 ml : 180
 2013-01-24 00:05:23[INFO] - dried soy chunks (textured vegetable protein) : Pineapple, frozen, chunks, sweetened
 2013-01-24 00:05:23[INFO] - 30 g : 30
 2013-01-24 00:05:24[INFO] - peanut butter : Peanut butter, chunk style, with salt
 2013-01-24 00:05:24[INFO] - 8 g : 8
 2013-01-24 00:05:28[INFO] - canned cream of coconut : Cream, fluid, light (coffee cream or table cream)
 2013-01-24 00:05:28[INFO] - 8 ml : 8
 2013-01-24 00:05:32[INFO] - bird's eye chile, seeded and minced : Peppers, hot chile, sun-dried
 2013-01-24 00:05:32[INFO] - 1/4 : 1/4
 2013-01-24 00:05:35[INFO] - green onion, diced : Onions, young green, tops only
 2013-01-24 00:05:35[INFO] - 1/4 : 1/4
 2013-01-24 00:05:36[INFO] - chopped cilantro : Coriander (cilantro) leaves, raw
 2013-01-24 00:05:36[INFO] - 0.5 g : 0.5
 2013-01-24 00:05:37[INFO] - uncooked quinoa : Quinoa, uncooked
 2013-01-24 00:05:37[INFO] - 40 g : 40
 2013-01-24 00:05:41[INFO] - salt and pepper to taste : Salt, table
 2013-01-24 00:05:41[INFO] -  : 0.1
 2013-01-24 00:05:41[INFO] - ----------------------
 2013-01-24 00:05:53[INFO] - http://allrecipes.com/recipe/mee-goreng/detail.aspx?scale=1&ismetric=1
 2013-01-24 00:05:55[INFO] - vegetable oil : Vegetable oil, palm kernel
 2013-01-24 00:05:55[INFO] - 8 ml : 8
 2013-01-24 00:05:57[INFO] - red onions, chopped : Onions, raw
 2013-01-24 00:05:57[INFO] - 1/2 : 1/2
 2013-01-24 00:06:02[INFO] - potato, cut into cubes : Soup, cream of potato, canned, condensed
 2013-01-24 00:06:02[INFO] - 1/4 : 1/4
 2013-01-24 00:06:04[INFO] - soy sauce : Cheese sauce, prepared from recipe
 2013-01-24 00:06:04[INFO] - 8 ml : 8
 2013-01-24 00:06:05[INFO] - water : Water, bottled, PERRIER
 2013-01-24 00:06:05[INFO] - 60 ml : 60
 2013-01-24 00:06:21[INFO] - skinless, boneless chicken breast, cut into bite-sized chunks : Chicken, broilers or fryers, breast, skinless, boneless, meat only, enhanced, raw
 2013-01-24 00:06:21[INFO] - 1/4 : 1/4
 2013-01-24 00:06:26[INFO] - tomatoes, cut into wedges : Tomatoes, green, raw
 2013-01-24 00:06:26[INFO] - 10 g : 10
 2013-01-24 00:06:31[INFO] - fresh red chile pepper, chopped : Spices, pepper, black
 2013-01-24 00:06:31[INFO] - 1/4 : 1/4
 2013-01-24 00:06:31[INFO] - peas : Peas, edible-podded, raw
 2013-01-24 00:06:31[INFO] - 20 g : 20
 2013-01-24 00:06:33[INFO] - diced carrot : Carrot, dehydrated
 2013-01-24 00:06:33[INFO] - 15 g : 15
 2013-01-24 00:06:34[INFO] - corn kernels : Corn, sweet, yellow, frozen, kernels cut off cob, unprepared
 2013-01-24 00:06:34[INFO] - 20 g : 20
 2013-01-24 00:06:35[INFO] - tomato sauce : Sauce, tomato chili sauce, bottled, with salt
 2013-01-24 00:06:35[INFO] - 30 ml : 30
 2013-01-24 00:06:37[INFO] - chili sauce : Sauce, peppers, hot, chili, mature red, canned
 2013-01-24 00:06:37[INFO] - 8 ml : 8
 2013-01-24 00:06:38[INFO] - eggs, beaten : Eggs, scrambled, frozen mixture
 2013-01-24 00:06:38[INFO] - 3/4 : 3/4
 2013-01-24 00:06:52[INFO] - fresh egg noodles, cut into short strands : Egg, whole, raw, fresh
 2013-01-24 00:06:52[INFO] - 115 g : 115
 2013-01-24 00:06:52[INFO] - ----------------------
 2013-01-24 00:06:59[INFO] - http://allrecipes.com/recipe/mild-coconut-tofu-curry/detail.aspx?scale=1&ismetric=1
 2013-01-24 00:07:02[INFO] - fresh ginger root : Ginger root, raw
 2013-01-24 00:07:02[INFO] - 1 slice : 1 slice/
 2013-01-24 00:07:03[INFO] - garlic, minced : Garlic, raw
 2013-01-24 00:07:03[INFO] - 1 clove : 1 clove/
 2013-01-24 00:07:04[INFO] - cashews : 
 2013-01-24 00:07:04[INFO] - 15 ml : 15
 2013-01-24 00:07:06[INFO] - lemon grass, chopped : Lemon grass (citronella), raw
 2013-01-24 00:07:06[INFO] - 1/2 stalk : 1/2
 2013-01-24 00:07:07[INFO] - onions, sliced : Onions, raw
 2013-01-24 00:07:07[INFO] - 1/2 : 1/2
 2013-01-24 00:07:09[INFO] - olive oil : Oil, olive, salad or cooking
 2013-01-24 00:07:09[INFO] - 10 ml : 10
 2013-01-24 00:07:13[INFO] - crushed red pepper flakes : Spices, pepper, black
 2013-01-24 00:07:13[INFO] - 1/4 dash : 1/4
 2013-01-24 00:07:14[INFO] - curry powder : Spices, curry powder
 2013-01-24 00:07:14[INFO] - 3 g : 3
 2013-01-24 00:07:16[INFO] - cubed firm tofu : Tofu, firm, prepared with calcium sulfate and magnesium chloride (nigari)
 2013-01-24 00:07:16[INFO] - 150 ml : 150
 2013-01-24 00:07:18[INFO] - coconut milk : Nuts, coconut milk, raw (liquid expressed from grated meat and water)
 2013-01-24 00:07:18[INFO] - 1/4 (14 ounce) can : 99.23
 2013-01-24 00:07:18[INFO] - water : Water, bottled, PERRIER
 2013-01-24 00:07:18[INFO] - 100 ml : 100
 2013-01-24 00:07:22[INFO] - medium potatoes, peeled and cubed : Potatoes, russet, flesh and skin, raw
 2013-01-24 00:07:22[INFO] - 1/2 : 1/2
 2013-01-24 00:07:23[INFO] - salt : Salt, table
 2013-01-24 00:07:23[INFO] - 3 g : 3
 2013-01-24 00:07:26[INFO] - white sugar : Carbonated beverage, reduced sugar, cola, contains caffeine and sweeteners
 2013-01-24 00:07:26[INFO] - 3 g : 3
 2013-01-24 00:07:26[INFO] - ----------------------
 2013-01-24 00:07:36[INFO] - http://allrecipes.com/recipe/nasi-lemak-malaysia/detail.aspx?scale=1&ismetric=1
 2013-01-24 00:07:39[INFO] - uncooked basmati rice, rinsed and drained : Rice, brown, long-grain, raw
 2013-01-24 00:07:39[INFO] - 90 g : 90
 2013-01-24 00:07:40[INFO] - water : Water, bottled, PERRIER
 2013-01-24 00:07:40[INFO] - 105 ml : 105
 2013-01-24 00:07:42[INFO] - shallots, thinly sliced : Shallots, freeze-dried
 2013-01-24 00:07:42[INFO] - 3/4 : 3/4
 2013-01-24 00:07:44[INFO] - coconut cream : Pie, coconut cream, prepared from mix, no-bake type
 2013-01-24 00:07:44[INFO] - 60 ml : 60
 2013-01-24 00:07:49[INFO] - fresh ginger root, thinly sliced : Ginger root, raw
 2013-01-24 00:07:49[INFO] - 1/4 (3/4 inch thick) slice : 1/4
 2013-01-24 00:07:51[INFO] - salt to taste : Salt, table
 2013-01-24 00:07:51[INFO] - 2 g : 2
 2013-01-24 00:07:52[INFO] - shallots, chopped : Shallots, freeze-dried
 2013-01-24 00:07:52[INFO] - 1-1/2 : 1-1/2
 2013-01-24 00:07:56[INFO] - dried red chile peppers, or to taste : Peppers, hot chile, sun-dried
 2013-01-24 00:07:56[INFO] - 3-3/4 : 3-3/4
 2013-01-24 00:07:59[INFO] - fresh ginger, minced : Spices, ginger, ground
 2013-01-24 00:07:59[INFO] - 1/4 (1/2 inch) piece : 1/4
 2013-01-24 00:08:01[INFO] - shrimp paste : Soup, cream of shrimp, canned, condensed
 2013-01-24 00:08:01[INFO] - 5 g : 5
 2013-01-24 00:08:03[INFO] - vegetable oil : Vegetable oil, palm kernel
 2013-01-24 00:08:03[INFO] - 4 ml : 4
 2013-01-24 00:08:05[INFO] - white sugar : Carbonated beverage, reduced sugar, cola, contains caffeine and sweeteners
 2013-01-24 00:08:05[INFO] - 3 g : 3
 2013-01-24 00:08:07[INFO] - tamarind juice : Acerola juice, raw
 2013-01-24 00:08:07[INFO] - 30 ml : 30
 2013-01-24 00:08:10[INFO] - salt to taste : Salt, table
 2013-01-24 00:08:10[INFO] -  : 0.1
 2013-01-24 00:08:11[INFO] - onion, sliced : Onions, raw
 2013-01-24 00:08:11[INFO] - 1/4 : 1/4
 2013-01-24 00:08:14[INFO] - large shrimp, peeled and deveined : Soup, cream of shrimp, canned, condensed
 2013-01-24 00:08:14[INFO] - 115 g : 115
 2013-01-24 00:08:14[INFO] - ----------------------
 2013-01-24 00:08:26[INFO] - http://allrecipes.com/recipe/pumpkin-kaya/detail.aspx?scale=1&ismetric=1
 2013-01-24 00:08:29[INFO] - cubed fresh pumpkin : Pumpkin, raw
 2013-01-24 00:08:29[INFO] - 10 g : 10
 2013-01-24 00:08:30[INFO] - coconut cream : Pie, coconut cream, prepared from mix, no-bake type
 2013-01-24 00:08:30[INFO] - 4 ml : 4
 2013-01-24 00:08:32[INFO] - brown sugar : Carbonated beverage, reduced sugar, cola, contains caffeine and sweeteners
 2013-01-24 00:08:32[INFO] - 2 g : 2
 2013-01-24 00:08:34[INFO] - young pandan leaves : Willow, young leaves, chopped (Alaska Native)
 2013-01-24 00:08:34[INFO] - 1/4 : 1/4
 2013-01-24 00:08:34[INFO] - ----------------------
 2013-01-24 00:08:37[INFO] - http://allrecipes.com/recipe/sambal-sauce/detail.aspx?scale=1&ismetric=1
 2013-01-24 00:08:42[INFO] - chopped serrano chiles, with seeds : Beans, kidney, mature seeds, sprouted, cooked, boiled, drained, without salt
 2013-01-24 00:08:42[INFO] - 7 g : 7
 2013-01-24 00:08:44[INFO] - white sugar : Carbonated beverage, reduced sugar, cola, contains caffeine and sweeteners
 2013-01-24 00:08:44[INFO] - 2 g : 2
 2013-01-24 00:08:45[INFO] - salt : Salt, table
 2013-01-24 00:08:45[INFO] - 2 g : 2
 2013-01-24 00:08:48[INFO] - belacan shrimp paste : Soup, cream of shrimp, canned, condensed
 2013-01-24 00:08:48[INFO] - 1 g : 1
 2013-01-24 00:08:50[INFO] - tomato, chopped : Tomatoes, green, raw
 2013-01-24 00:08:50[INFO] - 1/8 : 1/8
 2013-01-24 00:08:51[INFO] - onion, chopped : Onions, raw
 2013-01-24 00:08:51[INFO] - 1/8 : 1/8
 2013-01-24 00:08:53[INFO] - garlic, peeled and crushed : Garlic, raw
 2013-01-24 00:08:53[INFO] - 1/8 bulb : 1/8
 2013-01-24 00:08:57[INFO] - fresh lime juice : Lime juice, raw
 2013-01-24 00:08:57[INFO] - 2 ml : 2
 2013-01-24 00:08:59[INFO] - vegetable oil : Vegetable oil, palm kernel
 2013-01-24 00:08:59[INFO] - 2 ml : 2
 2013-01-24 00:09:00[INFO] - lemongrass, bruised : 
 2013-01-24 00:09:00[INFO] - 1/8 : 1/8
 2013-01-24 00:09:03[INFO] - fresh curry leaves : Spices, curry powder
 2013-01-24 00:09:03[INFO] - 1/8 : 1/8
 2013-01-24 00:09:05[INFO] - galangal, thinly sliced : Beef, sandwich steaks, flaked, chopped, formed and thinly sliced, raw
 2013-01-24 00:09:05[INFO] - 1/8 (1/2 inch) piece : 1/8
 2013-01-24 00:09:07[INFO] - tamarind juice : Acerola juice, raw
 2013-01-24 00:09:07[INFO] - 2 ml : 2
 2013-01-24 00:09:07[INFO] - ----------------------
 2013-01-24 00:09:13[INFO] - http://allrecipes.com/recipe/satay-sauce/detail.aspx?scale=1&ismetric=1
 2013-01-24 00:09:15[INFO] - coconut milk : Nuts, coconut milk, raw (liquid expressed from grated meat and water)
 2013-01-24 00:09:15[INFO] - 1/8 (10 ounce) can : 35.44
 2013-01-24 00:09:19[INFO] - crunchy peanut butter : Peanut butter, chunk style, with salt
 2013-01-24 00:09:19[INFO] - 10 g : 10
 2013-01-24 00:09:20[INFO] - onion, grated : Onions, raw
 2013-01-24 00:09:20[INFO] - 1/8 small : 1/8
 2013-01-24 00:09:24[INFO] - dark soy sauce : Cheese sauce, prepared from recipe
 2013-01-24 00:09:24[INFO] - 1 ml : 1
 2013-01-24 00:09:26[INFO] - brown sugar : Carbonated beverage, reduced sugar, cola, contains caffeine and sweeteners
 2013-01-24 00:09:26[INFO] - 0.8 g : 0.8
 2013-01-24 00:09:29[INFO] - red pepper flakes : Spices, pepper, black
 2013-01-24 00:09:29[INFO] - 0.1 g : 0.1
 2013-01-24 00:09:29[INFO] - ----------------------
 2013-01-24 00:09:33[INFO] - http://allrecipes.com/recipe/screw-pine-cake/detail.aspx?scale=1&ismetric=1
 2013-01-24 00:09:35[INFO] - white sugar : Carbonated beverage, reduced sugar, cola, contains caffeine and sweeteners
 2013-01-24 00:09:35[INFO] - 10 g : 10
 2013-01-24 00:09:36[INFO] - egg yolks : Egg, whole, raw, fresh
 2013-01-24 00:09:36[INFO] - 7/8 : 7/8
 2013-01-24 00:09:38[INFO] - eggs : Eggs, scrambled, frozen mixture
 2013-01-24 00:09:38[INFO] - 1/8 : 1/8
 2013-01-24 00:09:40[INFO] - all-purpose flour : Wheat flour, white, all-purpose, enriched, bleached
 2013-01-24 00:09:40[INFO] - 4 g : 4
 2013-01-24 00:09:41[INFO] - butter : Butter, salted
 2013-01-24 00:09:41[INFO] - 20 g : 20
 2013-01-24 00:09:42[INFO] - coconut milk : Nuts, coconut milk, raw (liquid expressed from grated meat and water)
 2013-01-24 00:09:42[INFO] - 1/8 (10 ounce) can : 35.44
 2013-01-24 00:09:44[INFO] - pandan paste : Cheese, pasteurized process, American, fortified with vitamin D
 2013-01-24 00:09:44[INFO] - 1 ml : 1
 2013-01-24 00:09:46[INFO] - green food coloring : Soup, pea, green, canned, condensed
 2013-01-24 00:09:46[INFO] - 0.1 ml : 0.1
 2013-01-24 00:09:47[INFO] - ovalette : 
 2013-01-24 00:09:47[INFO] - 0.6 ml : 0.6
 2013-01-24 00:09:48[INFO] - salt : Salt, table
 2013-01-24 00:09:48[INFO] - 0.1 g : 0.1
 2013-01-24 00:09:48[INFO] - ----------------------
 2013-01-24 00:09:53[INFO] - http://allrecipes.com/recipe/sherry-chicken-curry/detail.aspx?scale=1&ismetric=1
 2013-01-24 00:09:54[INFO] - vegetable oil : Vegetable oil, palm kernel
 2013-01-24 00:09:54[INFO] - 8 ml : 8
 2013-01-24 00:10:08[INFO] - skinless, boneless chicken breast halves - cut into chunks : Chicken, broilers or fryers, breast, skinless, boneless, meat only, enhanced, raw
 2013-01-24 00:10:08[INFO] - 1 : 1/
 2013-01-24 00:10:09[INFO] - cornstarch : Cornstarch
 2013-01-24 00:10:09[INFO] - 15 g : 15
 2013-01-24 00:10:10[INFO] - garlic, crushed : Garlic, raw
 2013-01-24 00:10:10[INFO] - 3/4 clove : 3/4
 2013-01-24 00:10:16[INFO] - onion, cut into chunks : Pineapple, frozen, chunks, sweetened
 2013-01-24 00:10:16[INFO] - 1/4 large : 1/4
 2013-01-24 00:10:19[INFO] - salt and pepper to taste : Salt, table
 2013-01-24 00:10:19[INFO] -  : 0.1
 2013-01-24 00:10:20[INFO] - cooking sherry : Oil, cooking and salad, ENOVA, 80% diglycerides
 2013-01-24 00:10:20[INFO] - 30 ml : 30
 2013-01-24 00:10:23[INFO] - beef bouillon : Soup, chili beef, canned, condensed
 2013-01-24 00:10:23[INFO] - 2 g : 2
 2013-01-24 00:10:26[INFO] - creamy peanut butter : Peanut butter, chunk style, with salt
 2013-01-24 00:10:26[INFO] - 30 g : 30
 2013-01-24 00:10:28[INFO] - curry powder : Spices, curry powder
 2013-01-24 00:10:28[INFO] - 5 g : 5
 2013-01-24 00:10:30[INFO] - water to cover : Soup, tomato, canned, prepared with equal volume water, commercial
 2013-01-24 00:10:30[INFO] -  : 0.1
 2013-01-24 00:10:32[INFO] - ground ginger : Spices, ginger, ground
 2013-01-24 00:10:32[INFO] - 0.2 g : 0.2
 2013-01-24 00:10:33[INFO] - coconut milk : Nuts, coconut milk, raw (liquid expressed from grated meat and water)
 2013-01-24 00:10:33[INFO] - 60 ml : 60
 2013-01-24 00:10:33[INFO] - ----------------------
 2013-01-24 00:10:40[INFO] - http://allrecipes.com/recipe/simple-malaysian-fried-chicken/detail.aspx?scale=1&ismetric=1
 2013-01-24 00:10:47[INFO] - whole chicken, cut into pieces : Fast foods, chicken, breaded and fried, boneless pieces, plain
 2013-01-24 00:10:47[INFO] - 1/4 (4 pound) : 454.00
 2013-01-24 00:10:49[INFO] - garlic, chopped : Garlic, raw
 2013-01-24 00:10:49[INFO] - 1-1/2 cloves : 1-1/2
 2013-01-24 00:10:50[INFO] - oyster sauce : Sauce, oyster, ready-to-serve
 2013-01-24 00:10:50[INFO] - 4 g : 4
 2013-01-24 00:10:52[INFO] - curry powder : Spices, curry powder
 2013-01-24 00:10:52[INFO] - 3 g : 3
 2013-01-24 00:10:53[INFO] - vegetable oil : Vegetable oil, palm kernel
 2013-01-24 00:10:53[INFO] - 30 ml : 30
 2013-01-24 00:10:53[INFO] - ----------------------
 2013-01-24 00:10:57[INFO] - http://allrecipes.com/recipe/singapore-noodles-2/detail.aspx?scale=1&ismetric=1
 2013-01-24 00:11:04[INFO] - dry Chinese egg noodle nests : Noodles, egg, dry, enriched
 2013-01-24 00:11:04[INFO] - 1 : 1/
 2013-01-24 00:11:06[INFO] - peanut oil : Oil, peanut, salad or cooking
 2013-01-24 00:11:06[INFO] - 10 ml : 10
 2013-01-24 00:11:07[INFO] - garlic, minced : Garlic, raw
 2013-01-24 00:11:07[INFO] - 1 clove : 1 clove/
 2013-01-24 00:11:10[INFO] - slivered fresh ginger : Spices, ginger, ground
 2013-01-24 00:11:10[INFO] - 2 g : 2
 2013-01-24 00:11:13[INFO] - crushed red pepper flakes : Spices, pepper, black
 2013-01-24 00:11:13[INFO] - 1 g : 1
 2013-01-24 00:11:17[INFO] - skinless, boneless chicken breast halves : Chicken, broilers or fryers, breast, skinless, boneless, meat only, enhanced, raw
 2013-01-24 00:11:17[INFO] - 75 g : 75
 2013-01-24 00:11:19[INFO] - green onions, chopped : Onions, young green, tops only
 2013-01-24 00:11:19[INFO] - 6 g : 6
 2013-01-24 00:11:20[INFO] - julienned carrot : Carrot, dehydrated
 2013-01-24 00:11:20[INFO] - 15 g : 15
 2013-01-24 00:11:23[INFO] - sliced water chestnuts, drained : Soup, tomato, canned, prepared with equal volume water, commercial
 2013-01-24 00:11:23[INFO] - 1/8 (8 ounce) can : 28.35
 2013-01-24 00:11:27[INFO] - whole straw mushrooms, drained : Mushrooms, straw, canned, drained solids
 2013-01-24 00:11:27[INFO] - 3/8 (15 ounce) can : 159.47
 2013-01-24 00:11:28[INFO] - peanut butter : Peanut butter, chunk style, with salt
 2013-01-24 00:11:28[INFO] - 10 g : 10
 2013-01-24 00:11:30[INFO] - oyster sauce : Sauce, oyster, ready-to-serve
 2013-01-24 00:11:30[INFO] - 3 g : 3
 2013-01-24 00:11:32[INFO] - curry powder : Spices, curry powder
 2013-01-24 00:11:32[INFO] - 3 g : 3
 2013-01-24 00:11:34[INFO] - soy sauce : Cheese sauce, prepared from recipe
 2013-01-24 00:11:34[INFO] - 2 ml : 2
 2013-01-24 00:11:34[INFO] - ----------------------
 2013-01-24 00:11:41[INFO] - http://allrecipes.com/recipe/spicy-noodles---malay-style/detail.aspx?scale=1&ismetric=1
 2013-01-24 00:11:43[INFO] - uncooked egg noodles : Noodles, egg, dry, enriched
 2013-01-24 00:11:43[INFO] - 85 g : 85
 2013-01-24 00:11:44[INFO] - olive oil : Oil, olive, salad or cooking
 2013-01-24 00:11:44[INFO] - 10 ml : 10
 2013-01-24 00:11:46[INFO] - finely chopped garlic : Garlic, raw
 2013-01-24 00:11:46[INFO] - 0.7 g : 0.7
 2013-01-24 00:11:49[INFO] - fresh spinach, stems removed, chopped : Pasta, fresh-refrigerated, spinach, as purchased
 2013-01-24 00:11:49[INFO] - 1/8 bunch : 1/8
 2013-01-24 00:11:55[INFO] - chile paste : Peppers, hot chile, sun-dried
 2013-01-24 00:11:55[INFO] - 15 g : 15
 2013-01-24 00:11:55[INFO] - ketchup : 
 2013-01-24 00:11:55[INFO] - 10 ml : 10
 2013-01-24 00:11:56[INFO] - egg : Egg, whole, raw, fresh
 2013-01-24 00:11:56[INFO] - 1/4 : 1/4
 2013-01-24 00:11:59[INFO] - white sugar : Carbonated beverage, reduced sugar, cola, contains caffeine and sweeteners
 2013-01-24 00:11:59[INFO] - 0.5 g : 0.5
 2013-01-24 00:11:59[INFO] - water : Water, bottled, PERRIER
 2013-01-24 00:11:59[INFO] - 15 ml : 15
 2013-01-24 00:12:03[INFO] - salt and pepper to taste : Salt, table
 2013-01-24 00:12:03[INFO] -  : 0.1
 2013-01-24 00:12:06[INFO] - fresh bean sprouts : Oil, soybean, salad or cooking, (partially hydrogenated)
 2013-01-24 00:12:06[INFO] - 8 g : 8
 2013-01-24 00:12:08[INFO] - green peas : Peas, green, raw
 2013-01-24 00:12:08[INFO] - 20 g : 20
 2013-01-24 00:12:08[INFO] - ----------------------
 2013-01-24 00:12:15[INFO] - http://allrecipes.com/recipe/spicy-tomato-chicken-ayam-masak-merah/detail.aspx?scale=1&ismetric=1
 2013-01-24 00:12:28[INFO] - whole chicken, cut into 8 pieces : Fast foods, chicken, breaded and fried, boneless pieces, plain
 2013-01-24 00:12:28[INFO] - 1/4 (3 pound) : 340.50
 2013-01-24 00:12:30[INFO] - ground turmeric : Spices, turmeric, ground
 2013-01-24 00:12:30[INFO] - 0.6 g : 0.6
 2013-01-24 00:12:32[INFO] - salt to taste : Salt, table
 2013-01-24 00:12:32[INFO] -  : 0.1
 2013-01-24 00:12:34[INFO] - dried red chile peppers : Peppers, hot chile, sun-dried
 2013-01-24 00:12:34[INFO] - 2 g : 2
 2013-01-24 00:12:40[INFO] - fresh red chile pepper, finely chopped : Spices, pepper, black
 2013-01-24 00:12:40[INFO] - 3/4 : 3/4
 2013-01-24 00:12:41[INFO] - garlic, minced : Garlic, raw
 2013-01-24 00:12:41[INFO] - 1 clove : 1 clove/
 2013-01-24 00:12:43[INFO] - red onion, chopped : Onions, raw
 2013-01-24 00:12:43[INFO] - 1/4 : 1/4
 2013-01-24 00:12:47[INFO] - fresh ginger root : Ginger root, raw
 2013-01-24 00:12:47[INFO] - 1/4 (3/4 inch thick) slice : 1/4
 2013-01-24 00:12:49[INFO] - sunflower seed oil : Oil, sunflower, linoleic (less than 60%)
 2013-01-24 00:12:49[INFO] - 8 ml : 8
 2013-01-24 00:12:51[INFO] - cinnamon stick : Spices, cinnamon, ground
 2013-01-24 00:12:51[INFO] - 1/4 : 1/4
 2013-01-24 00:12:56[INFO] - whole star anise pods : Spices, anise seed
 2013-01-24 00:12:56[INFO] - 1/2 : 1/2
 2013-01-24 00:12:58[INFO] - whole cloves : Spices, cloves, ground
 2013-01-24 00:12:58[INFO] - 1-1/4 : 1-1/4
 2013-01-24 00:13:01[INFO] - cardamom seeds : Alfalfa seeds, sprouted, raw
 2013-01-24 00:13:01[INFO] - 1-1/4 : 1-1/4
 2013-01-24 00:13:02[INFO] - tomatoes, sliced : Tomatoes, green, raw
 2013-01-24 00:13:02[INFO] - 1/2 : 1/2
 2013-01-24 00:13:02[INFO] - ketchup : 
 2013-01-24 00:13:02[INFO] - 8 ml : 8
 2013-01-24 00:13:06[INFO] - white sugar, or to taste : Carbonated beverage, reduced sugar, cola, contains caffeine and sweeteners
 2013-01-24 00:13:06[INFO] - 1 g : 1
 2013-01-24 00:13:07[INFO] - water : Water, bottled, PERRIER
 2013-01-24 00:13:07[INFO] - 30 ml : 30
 2013-01-24 00:13:07[INFO] - ----------------------
 2013-01-24 00:13:08[INFO] - http://allrecipes.com/recipe/traditional-cured-fish-umai/detail.aspx?scale=1&ismetric=1
 2013-01-24 00:13:10[INFO] - yellow onion, chopped : Onions, yellow, sauteed
 2013-01-24 00:13:10[INFO] - 1/4 : 1/4
 2013-01-24 00:13:12[INFO] - red onion, chopped : Onions, raw
 2013-01-24 00:13:12[INFO] - 1/4 : 1/4
 2013-01-24 00:13:16[INFO] - minced fresh ginger root : Ginger root, raw
 2013-01-24 00:13:16[INFO] - 1 g : 1
 2013-01-24 00:13:21[INFO] - fresh red chile pepper, finely chopped : Spices, pepper, black
 2013-01-24 00:13:21[INFO] - 1/4 : 1/4
 2013-01-24 00:13:23[INFO] - grated lime zest : CAMPBELL Soup Company, PREGO Pasta, Zesty Mushroom Italian Sauce, ready-to-serve
 2013-01-24 00:13:23[INFO] - 2 g : 2
 2013-01-24 00:13:25[INFO] - limes, juiced : Limes, raw
 2013-01-24 00:13:25[INFO] - 1/2 : 1/2
 2013-01-24 00:13:37[INFO] - skinned red snapper fillets, cut into thin strips : Vegetarian fillets
 2013-01-24 00:13:37[INFO] - 1/2 : 1/2
 2013-01-24 00:13:39[INFO] - salt to taste : Salt, table
 2013-01-24 00:13:39[INFO] -  : 0.1
 2013-01-24 00:13:39[INFO] - ----------------------
 2013-01-24 00:13:40[INFO] - http://allrecipes.com/recipe/vegetarian-carrot-cake/detail.aspx?scale=1&ismetric=1
 2013-01-24 00:13:42[INFO] - lemon juice : Lemon juice, raw
 2013-01-24 00:13:42[INFO] - 2 ml : 2
 2013-01-24 00:13:43[INFO] - milk : Milk, filled, fluid, with blend of hydrogenated vegetable oils
 2013-01-24 00:13:43[INFO] - 30 ml : 30
 2013-01-24 00:13:44[INFO] - vegetable oil : Vegetable oil, palm kernel
 2013-01-24 00:13:44[INFO] - 15 ml : 15
 2013-01-24 00:13:47[INFO] - orange zest : CAMPBELL Soup Company, PREGO Pasta, Zesty Mushroom Italian Sauce, ready-to-serve
 2013-01-24 00:13:47[INFO] - 0.4 g : 0.4
 2013-01-24 00:13:49[INFO] - packed brown sugar : Carbonated beverage, reduced sugar, cola, contains caffeine and sweeteners
 2013-01-24 00:13:49[INFO] - 15 g : 15
 2013-01-24 00:13:51[INFO] - vanilla extract : Vanilla extract
 2013-01-24 00:13:51[INFO] - 2 ml : 2
 2013-01-24 00:13:53[INFO] - whole wheat flour : Bread, whole-wheat, commercially prepared
 2013-01-24 00:13:53[INFO] - 20 g : 20
 2013-01-24 00:13:55[INFO] - all-purpose flour : Wheat flour, white, all-purpose, enriched, bleached
 2013-01-24 00:13:55[INFO] - 20 g : 20
 2013-01-24 00:13:57[INFO] - baking powder : Leavening agents, baking powder, double-acting, sodium aluminum sulfate
 2013-01-24 00:13:57[INFO] - 0.7 g : 0.7
 2013-01-24 00:13:58[INFO] - ground cinnamon : Spices, cinnamon, ground
 2013-01-24 00:13:58[INFO] - 0.3 g : 0.3
 2013-01-24 00:14:00[INFO] - ground cloves : Spices, cloves, ground
 2013-01-24 00:14:00[INFO] - 0.1 g : 0.1
 2013-01-24 00:14:01[INFO] - salt : Salt, table
 2013-01-24 00:14:01[INFO] - 0.3 g : 0.3
 2013-01-24 00:14:02[INFO] - grated carrots : Carrots, raw
 2013-01-24 00:14:02[INFO] - 15 g : 15
 2013-01-24 00:14:03[INFO] - chopped walnuts : Nuts, walnuts, black, dried
 2013-01-24 00:14:03[INFO] - 6 g : 6
 2013-01-24 00:14:03[INFO] - ----------------------
 